0: : log file opened: turn_187_2024-04-04.log
0: : Relay address to use: 10.206.0.11
0: : Listener address to use: 10.206.0.11
0: : 
RFC 3489/5389/5766/5780/6062/6156 STUN/TURN Server
Version Coturn-4.5.2 'dan Eider'
0: : 
Max number of open files/sockets allowed for this process: 3200
0: : 
Due to the open files/sockets limitation,
max supported number of TURN Sessions possible is: 1000 (approximately)
0: : 

==== Show him the instruments, Practical Frost: ====

0: : TLS supported
0: : DTLS supported
0: : DTLS 1.2 supported
0: : TURN/STUN ALPN supported
0: : Third-party authorization (oAuth) supported
0: : GCM (AEAD) supported
0: : OpenSSL compile-time version: OpenSSL 1.1.1f  31 Mar 2020 (0x1010106f)
0: : 
0: : SQLite is not supported
0: : Redis is not supported
0: : PostgreSQL is not supported
0: : MySQL is not supported
0: : MongoDB is not supported
0: : 
0: : Default Net Engine version: 2 (UDP thread per network endpoint)

=====================================================

0: : Domain name: 
0: : Default realm: PixelStreaming
0: : pid file created: C:\coturn.pid
0: : IO method (main listener thread): poll
0: : IPv4: On this platform, I am using alternative behavior of TTL according to RFC 5766.
0: : IPv6: On this platform, I am using alternative behavior of TTL (HOPLIMIT) according to RFC 6156.
0: : IPv4: On this platform, I am using alternative behavior of TOS according to RFC 5766.
0: : WARNING: I cannot support STUN CHANGE_REQUEST functionality because only one IP address is provided
0: : Wait for relay ports initialization...
0: :   relay 10.206.0.11 initialization...
0: :   relay 10.206.0.11 initialization done
0: : Relay ports initialization done
0: : IO method (general relay thread): poll
0: : turn server id=0 created
0: : IO method (general relay thread): poll
0: : turn server id=1 created
0: : IO method (general relay thread): poll
0: : turn server id=2 created
0: : IO method (general relay thread): poll
0: : IO method (udp listener/relay thread): poll
0: : turn server id=3 created
0: : turn server id=128 created
0: : IPv4. UDP listener opened on: 10.206.0.11:19303
0: : IPv4. TCP listener opened on : 10.206.0.11:19303
0: : Total UDP servers: 1
0: : Total General servers: 4
0: : IO method (auth thread): poll
0: : IO method (auth thread): poll
0: : IO method (admin thread): poll
21: : session 128000000000000001: realm <PixelStreaming> user <>: incoming packet BINDING processed, success
21: : session 128000000000000002: realm <PixelStreaming> user <>: incoming packet BINDING processed, success
21: : session 128000000000000003: realm <PixelStreaming> user <>: incoming packet BINDING processed, success
21: : session 128000000000000001: realm <PixelStreaming> user <>: incoming packet message processed, error 401: Unauthorized
21: : session 128000000000000002: realm <PixelStreaming> user <>: incoming packet message processed, error 401: Unauthorized
21: : session 128000000000000003: realm <PixelStreaming> user <>: incoming packet message processed, error 401: Unauthorized
22: : IPv4. Local relay addr: 10.206.0.11:64300
22: : session 128000000000000001: new, realm=<PixelStreaming>, username=<PixelStreamingUser>, lifetime=600
22: : session 128000000000000001: realm <PixelStreaming> user <PixelStreamingUser>: incoming packet ALLOCATE processed, success
22: : IPv4. Local relay addr: 10.206.0.11:54820
22: : session 128000000000000002: new, realm=<PixelStreaming>, username=<PixelStreamingUser>, lifetime=600
22: : session 128000000000000002: realm <PixelStreaming> user <PixelStreamingUser>: incoming packet ALLOCATE processed, success
22: : IPv4. Local relay addr: 10.206.0.11:64822
22: : session 128000000000000003: new, realm=<PixelStreaming>, username=<PixelStreamingUser>, lifetime=600
22: : session 128000000000000003: realm <PixelStreaming> user <PixelStreamingUser>: incoming packet ALLOCATE processed, success
22: : session 128000000000000004: realm <PixelStreaming> user <>: incoming packet BINDING processed, success
22: : session 128000000000000002: refreshed, realm=<PixelStreaming>, username=<PixelStreamingUser>, lifetime=0
22: : session 128000000000000002: realm <PixelStreaming> user <PixelStreamingUser>: incoming packet REFRESH processed, success
22: : session 128000000000000003: refreshed, realm=<PixelStreaming>, username=<PixelStreamingUser>, lifetime=0
22: : session 128000000000000003: realm <PixelStreaming> user <PixelStreamingUser>: incoming packet REFRESH processed, success
23: : session 128000000000000002: usage: realm=<PixelStreaming>, username=<PixelStreamingUser>, rp=4, rb=280, sp=4, sb=408
23: : session 128000000000000002: peer usage: realm=<PixelStreaming>, username=<PixelStreamingUser>, rp=0, rb=0, sp=0, sb=0
23: : session 128000000000000002: closed (2nd stage), user <PixelStreamingUser> realm <PixelStreaming> origin <>, local 10.206.0.11:19303, remote 117.147.90.140:14540, reason: allocation timeout
23: : session 128000000000000002: delete: realm=<PixelStreaming>, username=<PixelStreamingUser>
23: : session 128000000000000003: usage: realm=<PixelStreaming>, username=<PixelStreamingUser>, rp=4, rb=280, sp=4, sb=408
23: : session 128000000000000003: peer usage: realm=<PixelStreaming>, username=<PixelStreamingUser>, rp=0, rb=0, sp=0, sb=0
23: : session 128000000000000003: closed (2nd stage), user <PixelStreamingUser> realm <PixelStreaming> origin <>, local 10.206.0.11:19303, remote 117.147.90.140:14545, reason: allocation timeout
23: : session 128000000000000003: delete: realm=<PixelStreaming>, username=<PixelStreamingUser>
31: : session 128000000000000001: realm <PixelStreaming> user <PixelStreamingUser>: incoming packet BINDING processed, success
32: : session 128000000000000004: realm <PixelStreaming> user <>: incoming packet BINDING processed, success
36: : session 128000000000000001: refreshed, realm=<PixelStreaming>, username=<PixelStreamingUser>, lifetime=0
36: : session 128000000000000001: realm <PixelStreaming> user <PixelStreamingUser>: incoming packet REFRESH processed, success
37: : session 128000000000000001: usage: realm=<PixelStreaming>, username=<PixelStreamingUser>, rp=5, rb=300, sp=5, sb=500
37: : session 128000000000000001: peer usage: realm=<PixelStreaming>, username=<PixelStreamingUser>, rp=0, rb=0, sp=0, sb=0
37: : session 128000000000000001: closed (2nd stage), user <PixelStreamingUser> realm <PixelStreaming> origin <>, local 10.206.0.11:19303, remote 117.147.90.140:14521, reason: allocation timeout
37: : session 128000000000000001: delete: realm=<PixelStreaming>, username=<PixelStreamingUser>
82: : session 128000000000000004: usage: realm=<PixelStreaming>, username=<>, rp=2, rb=40, sp=2, sb=184
82: : session 128000000000000004: peer usage: realm=<PixelStreaming>, username=<>, rp=0, rb=0, sp=0, sb=0
82: : session 128000000000000004: closed (2nd stage), user <> realm <PixelStreaming> origin <>, local 10.206.0.11:19303, remote 117.147.90.140:14547, reason: allocation watchdog determined stale session state
