16:54:23.000 Config: {
	"UseFrontend": false,
	"UseMatchmaker": false,
	"UseHTTPS": false,
	"UseAuthentication": false,
	"LogToFile": true,
	"LogVerbose": true,
	"HomepageFile": "custom_html/index.html",
	"AdditionalRoutes": {},
	"EnableWebserver": true,
	"MatchmakerAddress": "",
	"MatchmakerPort": "9999",
	"PublicIp": "1.13.24.188",
	"HttpPort": 80,
	"HttpsPort": 443,
	"StreamerPort": 3478,
	"SFUPort": 8889,
	"MaxPlayerCount": -1,
	"peerConnectionOptions": "{ \"iceServers\": [{\"urls\": [\"stun:stun.l.google.com:19302\",\"turn:1.13.24.188:19303\"], \"username\": \"PixelStreamingUser\", \"credential\": \"AnotherTURNintheroad\"}] }"
}
16:54:23.450 peerConnectionOptions = {"iceServers":[{"urls":["stun:stun.l.google.com:19302","turn:1.13.24.188:19303"],"username":"PixelStreamingUser","credential":"AnotherTURNintheroad"}]}
16:54:23.455 Running Cirrus - The Pixel Streaming reference implementation signalling server for Unreal Engine 5.1.
16:54:23.484 WebSocket listening for Streamer connections on :3478
16:54:23.485 WebSocket listening for SFU connections on :8889
16:54:23.486 WebSocket listening for Players connections on :80
16:54:23.490 Http listening on *: 80
