17:48:30.004 Config: {
	"UseFrontend": false,
	"UseMatchmaker": false,
	"UseHTTPS": false,
	"UseAuthentication": false,
	"LogToFile": true,
	"LogVerbose": true,
	"HomepageFile": "custom_html/index.html",
	"AdditionalRoutes": {},
	"EnableWebserver": true,
	"MatchmakerAddress": "",
	"MatchmakerPort": "9999",
	"PublicIp": "45.8.204.53",
	"HttpPort": 80,
	"HttpsPort": 443,
	"StreamerPort": 3478,
	"SFUPort": 8889,
	"MaxPlayerCount": -1,
	"peerConnectionOptions": "{ \"iceServers\": [{\"urls\": [\"stun:stun.l.google.com:19302\",\"turn:45.8.204.53:19303\"], \"username\": \"PixelStreamingUser\", \"credential\": \"AnotherTURNintheroad\"}] }"
}
17:48:30.027 peerConnectionOptions = {"iceServers":[{"urls":["stun:stun.l.google.com:19302","turn:45.8.204.53:19303"],"username":"PixelStreamingUser","credential":"AnotherTURNintheroad"}]}
17:48:30.030 Running Cirrus - The Pixel Streaming reference implementation signalling server for Unreal Engine 5.1.
17:48:30.039 WebSocket listening for Streamer connections on :3478
17:48:30.040 WebSocket listening for SFU connections on :8889
17:48:30.041 WebSocket listening for Players connections on :80
17:48:30.042 Http listening on *: 80
