13:44:57.685 Config: {
	"UseFrontend": false,
	"UseMatchmaker": false,
	"UseHTTPS": false,
	"UseAuthentication": false,
	"LogToFile": true,
	"LogVerbose": true,
	"HomepageFile": "player.html",
	"AdditionalRoutes": {},
	"EnableWebserver": true,
	"MatchmakerAddress": "",
	"MatchmakerPort": "9999",
	"PublicIp": "1.13.24.188",
	"HttpPort": 80,
	"HttpsPort": 443,
	"StreamerPort": 8888,
	"SFUPort": 8889,
	"MaxPlayerCount": -1,
	"peerConnectionOptions": "{ \"iceServers\": [{\"urls\": [\"stun:stun.l.google.com:19302\",\"turn:1.13.24.188:19303\"], \"username\": \"PixelStreamingUser\", \"credential\": \"AnotherTURNintheroad\"}] }"
}
13:44:58.391 peerConnectionOptions = {"iceServers":[{"urls":["stun:stun.l.google.com:19302","turn:1.13.24.188:19303"],"username":"PixelStreamingUser","credential":"AnotherTURNintheroad"}]}
13:44:58.395 Running Cirrus - The Pixel Streaming reference implementation signalling server for Unreal Engine 5.1.
13:44:58.621 WebSocket listening for Streamer connections on :8888
13:44:58.623 WebSocket listening for SFU connections on :8889
13:44:58.624 WebSocket listening for Players connections on :80
13:44:58.626 Http listening on *: 80
13:44:58.779 Streamer connected: ::ffff:115.216.54.191
13:44:58.828 Dropping new streamer connection, we already have a connected streamer
13:44:58.887 Dropping new streamer connection, we already have a connected streamer
13:44:58.942 Dropping new streamer connection, we already have a connected streamer
13:44:58.994 Dropping new streamer connection, we already have a connected streamer
13:44:59.040 Dropping new streamer connection, we already have a connected streamer
13:44:59.096 Dropping new streamer connection, we already have a connected streamer
13:44:59.151 Dropping new streamer connection, we already have a connected streamer
13:44:59.210 Dropping new streamer connection, we already have a connected streamer
13:44:59.276 Dropping new streamer connection, we already have a connected streamer
13:44:59.324 Dropping new streamer connection, we already have a connected streamer
13:44:59.362 Dropping new streamer connection, we already have a connected streamer
13:44:59.404 Dropping new streamer connection, we already have a connected streamer
13:44:59.456 Dropping new streamer connection, we already have a connected streamer
13:44:59.511 Dropping new streamer connection, we already have a connected streamer
13:44:59.574 Dropping new streamer connection, we already have a connected streamer
13:44:59.626 Dropping new streamer connection, we already have a connected streamer
13:44:59.670 Dropping new streamer connection, we already have a connected streamer
13:44:59.687 Dropping new streamer connection, we already have a connected streamer
13:44:59.727 Dropping new streamer connection, we already have a connected streamer
13:44:59.772 Dropping new streamer connection, we already have a connected streamer
13:44:59.825 Dropping new streamer connection, we already have a connected streamer
13:44:59.879 Dropping new streamer connection, we already have a connected streamer
13:44:59.925 Dropping new streamer connection, we already have a connected streamer
13:44:59.973 Dropping new streamer connection, we already have a connected streamer
13:45:00.017 Dropping new streamer connection, we already have a connected streamer
13:45:00.065 Dropping new streamer connection, we already have a connected streamer
13:45:00.070 Dropping new streamer connection, we already have a connected streamer
13:45:00.112 Dropping new streamer connection, we already have a connected streamer
13:45:00.162 Dropping new streamer connection, we already have a connected streamer
13:45:00.217 Dropping new streamer connection, we already have a connected streamer
13:45:00.275 Dropping new streamer connection, we already have a connected streamer
13:45:00.326 Dropping new streamer connection, we already have a connected streamer
13:45:00.374 Dropping new streamer connection, we already have a connected streamer
13:45:00.426 Dropping new streamer connection, we already have a connected streamer
13:45:00.474 Dropping new streamer connection, we already have a connected streamer
13:45:00.529 Dropping new streamer connection, we already have a connected streamer
13:45:00.569 Dropping new streamer connection, we already have a connected streamer
13:45:00.619 Dropping new streamer connection, we already have a connected streamer
13:45:00.673 Dropping new streamer connection, we already have a connected streamer
13:45:00.722 Dropping new streamer connection, we already have a connected streamer
13:45:00.782 Dropping new streamer connection, we already have a connected streamer
13:45:00.838 Dropping new streamer connection, we already have a connected streamer
13:45:00.891 Dropping new streamer connection, we already have a connected streamer
13:45:00.941 Dropping new streamer connection, we already have a connected streamer
13:45:00.987 Dropping new streamer connection, we already have a connected streamer
13:45:01.033 Dropping new streamer connection, we already have a connected streamer
13:45:01.090 Dropping new streamer connection, we already have a connected streamer
13:45:01.144 Dropping new streamer connection, we already have a connected streamer
13:45:01.189 Dropping new streamer connection, we already have a connected streamer
13:45:01.235 Dropping new streamer connection, we already have a connected streamer
13:45:01.284 Dropping new streamer connection, we already have a connected streamer
13:45:01.337 Dropping new streamer connection, we already have a connected streamer
13:45:01.390 Dropping new streamer connection, we already have a connected streamer
13:45:01.437 Dropping new streamer connection, we already have a connected streamer
13:45:01.486 Dropping new streamer connection, we already have a connected streamer
13:45:01.532 Dropping new streamer connection, we already have a connected streamer
13:45:01.587 Dropping new streamer connection, we already have a connected streamer
13:45:01.638 Dropping new streamer connection, we already have a connected streamer
13:45:01.679 Dropping new streamer connection, we already have a connected streamer
13:45:01.734 Dropping new streamer connection, we already have a connected streamer
13:45:01.793 Dropping new streamer connection, we already have a connected streamer
13:45:01.832 Dropping new streamer connection, we already have a connected streamer
13:45:01.842 Dropping new streamer connection, we already have a connected streamer
13:45:01.895 Dropping new streamer connection, we already have a connected streamer
13:45:01.949 Dropping new streamer connection, we already have a connected streamer
13:45:01.997 Dropping new streamer connection, we already have a connected streamer
13:45:02.050 Dropping new streamer connection, we already have a connected streamer
13:45:02.111 Dropping new streamer connection, we already have a connected streamer
13:45:02.164 Dropping new streamer connection, we already have a connected streamer
13:45:02.211 Dropping new streamer connection, we already have a connected streamer
13:45:02.261 Dropping new streamer connection, we already have a connected streamer
13:45:02.303 Dropping new streamer connection, we already have a connected streamer
13:45:02.348 Dropping new streamer connection, we already have a connected streamer
13:45:02.395 Dropping new streamer connection, we already have a connected streamer
13:45:02.446 Dropping new streamer connection, we already have a connected streamer
13:45:02.501 Dropping new streamer connection, we already have a connected streamer
13:45:02.557 Dropping new streamer connection, we already have a connected streamer
13:45:02.600 Dropping new streamer connection, we already have a connected streamer
13:45:02.654 Dropping new streamer connection, we already have a connected streamer
13:45:02.700 Dropping new streamer connection, we already have a connected streamer
13:45:02.745 Dropping new streamer connection, we already have a connected streamer
13:45:02.791 Dropping new streamer connection, we already have a connected streamer
13:45:02.845 Dropping new streamer connection, we already have a connected streamer
13:45:02.900 Dropping new streamer connection, we already have a connected streamer
13:45:02.946 Dropping new streamer connection, we already have a connected streamer
13:45:02.996 Dropping new streamer connection, we already have a connected streamer
13:45:03.043 Dropping new streamer connection, we already have a connected streamer
13:45:03.083 Dropping new streamer connection, we already have a connected streamer
13:45:03.124 Dropping new streamer connection, we already have a connected streamer
13:45:03.168 Dropping new streamer connection, we already have a connected streamer
13:45:03.225 Dropping new streamer connection, we already have a connected streamer
13:45:03.283 Dropping new streamer connection, we already have a connected streamer
13:45:03.326 Dropping new streamer connection, we already have a connected streamer
13:45:03.382 Dropping new streamer connection, we already have a connected streamer
13:45:03.440 Dropping new streamer connection, we already have a connected streamer
13:45:03.487 Dropping new streamer connection, we already have a connected streamer
13:45:03.531 Dropping new streamer connection, we already have a connected streamer
13:45:03.581 Dropping new streamer connection, we already have a connected streamer
13:45:03.627 Dropping new streamer connection, we already have a connected streamer
13:45:03.675 Dropping new streamer connection, we already have a connected streamer
13:45:03.731 Dropping new streamer connection, we already have a connected streamer
13:45:03.781 Dropping new streamer connection, we already have a connected streamer
13:45:03.832 Dropping new streamer connection, we already have a connected streamer
13:45:03.882 Dropping new streamer connection, we already have a connected streamer
13:45:03.936 Dropping new streamer connection, we already have a connected streamer
13:45:03.974 Dropping new streamer connection, we already have a connected streamer
13:45:03.985 Dropping new streamer connection, we already have a connected streamer
13:45:04.030 Dropping new streamer connection, we already have a connected streamer
13:45:04.078 Dropping new streamer connection, we already have a connected streamer
13:45:04.128 Dropping new streamer connection, we already have a connected streamer
13:45:04.193 Dropping new streamer connection, we already have a connected streamer
13:45:04.239 Dropping new streamer connection, we already have a connected streamer
13:45:04.295 Dropping new streamer connection, we already have a connected streamer
13:45:04.349 Dropping new streamer connection, we already have a connected streamer
13:45:04.409 Dropping new streamer connection, we already have a connected streamer
13:45:04.468 Dropping new streamer connection, we already have a connected streamer
13:45:04.522 Dropping new streamer connection, we already have a connected streamer
13:45:04.572 Dropping new streamer connection, we already have a connected streamer
13:45:04.622 Dropping new streamer connection, we already have a connected streamer
13:45:04.675 Dropping new streamer connection, we already have a connected streamer
13:45:04.716 Dropping new streamer connection, we already have a connected streamer
13:45:04.766 Dropping new streamer connection, we already have a connected streamer
13:45:04.816 Dropping new streamer connection, we already have a connected streamer
13:45:04.874 Dropping new streamer connection, we already have a connected streamer
13:45:04.918 Dropping new streamer connection, we already have a connected streamer
13:45:04.962 Dropping new streamer connection, we already have a connected streamer
13:45:05.010 Dropping new streamer connection, we already have a connected streamer
13:45:05.060 Dropping new streamer connection, we already have a connected streamer
13:45:05.068 Dropping new streamer connection, we already have a connected streamer
13:45:05.115 Dropping new streamer connection, we already have a connected streamer
13:45:05.172 Dropping new streamer connection, we already have a connected streamer
13:45:05.221 Dropping new streamer connection, we already have a connected streamer
13:45:05.264 Dropping new streamer connection, we already have a connected streamer
13:45:05.313 Dropping new streamer connection, we already have a connected streamer
13:45:05.360 Dropping new streamer connection, we already have a connected streamer
13:45:05.405 Dropping new streamer connection, we already have a connected streamer
13:45:05.457 Dropping new streamer connection, we already have a connected streamer
13:45:05.499 Dropping new streamer connection, we already have a connected streamer
13:45:05.544 Dropping new streamer connection, we already have a connected streamer
13:45:05.592 Dropping new streamer connection, we already have a connected streamer
13:45:05.645 Dropping new streamer connection, we already have a connected streamer
13:45:05.698 Dropping new streamer connection, we already have a connected streamer
13:45:05.749 Dropping new streamer connection, we already have a connected streamer
13:45:05.798 Dropping new streamer connection, we already have a connected streamer
13:45:05.849 Dropping new streamer connection, we already have a connected streamer
13:45:05.908 Dropping new streamer connection, we already have a connected streamer
13:45:05.970 Dropping new streamer connection, we already have a connected streamer
13:45:06.023 Dropping new streamer connection, we already have a connected streamer
13:45:06.079 Dropping new streamer connection, we already have a connected streamer
13:45:06.122 Dropping new streamer connection, we already have a connected streamer
13:45:06.137 Dropping new streamer connection, we already have a connected streamer
13:45:06.189 Dropping new streamer connection, we already have a connected streamer
13:45:06.239 Dropping new streamer connection, we already have a connected streamer
13:45:06.292 Dropping new streamer connection, we already have a connected streamer
13:45:06.338 Dropping new streamer connection, we already have a connected streamer
13:45:06.387 Dropping new streamer connection, we already have a connected streamer
13:45:06.438 Dropping new streamer connection, we already have a connected streamer
13:45:06.491 Dropping new streamer connection, we already have a connected streamer
13:45:06.545 Dropping new streamer connection, we already have a connected streamer
13:45:06.603 Dropping new streamer connection, we already have a connected streamer
13:45:06.656 Dropping new streamer connection, we already have a connected streamer
13:45:06.709 Dropping new streamer connection, we already have a connected streamer
13:45:06.754 Dropping new streamer connection, we already have a connected streamer
13:45:06.799 Dropping new streamer connection, we already have a connected streamer
13:45:06.853 Dropping new streamer connection, we already have a connected streamer
13:45:06.907 Dropping new streamer connection, we already have a connected streamer
13:45:06.972 Dropping new streamer connection, we already have a connected streamer
13:45:07.021 Dropping new streamer connection, we already have a connected streamer
13:45:07.087 Dropping new streamer connection, we already have a connected streamer
13:45:07.131 Dropping new streamer connection, we already have a connected streamer
13:45:07.176 Dropping new streamer connection, we already have a connected streamer
13:45:07.252 Dropping new streamer connection, we already have a connected streamer
13:45:07.311 Dropping new streamer connection, we already have a connected streamer
13:45:07.368 Dropping new streamer connection, we already have a connected streamer
13:45:07.422 Dropping new streamer connection, we already have a connected streamer
13:45:07.475 Dropping new streamer connection, we already have a connected streamer
13:45:07.520 Dropping new streamer connection, we already have a connected streamer
13:45:07.574 Dropping new streamer connection, we already have a connected streamer
13:45:07.627 Dropping new streamer connection, we already have a connected streamer
13:45:07.678 Dropping new streamer connection, we already have a connected streamer
13:45:07.732 Dropping new streamer connection, we already have a connected streamer
13:45:07.773 Dropping new streamer connection, we already have a connected streamer
13:45:07.820 Dropping new streamer connection, we already have a connected streamer
13:45:07.864 Dropping new streamer connection, we already have a connected streamer
13:45:07.907 Dropping new streamer connection, we already have a connected streamer
13:45:07.963 Dropping new streamer connection, we already have a connected streamer
13:45:08.015 Dropping new streamer connection, we already have a connected streamer
13:45:08.064 Dropping new streamer connection, we already have a connected streamer
13:45:08.117 Dropping new streamer connection, we already have a connected streamer
13:45:08.160 Dropping new streamer connection, we already have a connected streamer
13:45:08.206 Dropping new streamer connection, we already have a connected streamer
13:45:08.252 Dropping new streamer connection, we already have a connected streamer
13:45:08.263 Dropping new streamer connection, we already have a connected streamer
13:45:08.302 Dropping new streamer connection, we already have a connected streamer
13:45:08.342 Dropping new streamer connection, we already have a connected streamer
13:45:08.391 Dropping new streamer connection, we already have a connected streamer
13:45:08.452 Dropping new streamer connection, we already have a connected streamer
13:45:08.503 Dropping new streamer connection, we already have a connected streamer
13:45:08.547 Dropping new streamer connection, we already have a connected streamer
13:45:08.600 Dropping new streamer connection, we already have a connected streamer
13:45:08.655 Dropping new streamer connection, we already have a connected streamer
13:45:08.708 Dropping new streamer connection, we already have a connected streamer
13:45:08.754 Dropping new streamer connection, we already have a connected streamer
13:45:08.804 Dropping new streamer connection, we already have a connected streamer
13:45:08.856 Dropping new streamer connection, we already have a connected streamer
13:45:08.905 Dropping new streamer connection, we already have a connected streamer
13:45:08.961 Dropping new streamer connection, we already have a connected streamer
13:45:09.009 Dropping new streamer connection, we already have a connected streamer
13:45:09.066 Dropping new streamer connection, we already have a connected streamer
13:45:09.116 Dropping new streamer connection, we already have a connected streamer
13:45:09.165 Dropping new streamer connection, we already have a connected streamer
13:45:09.209 Dropping new streamer connection, we already have a connected streamer
13:45:09.258 Dropping new streamer connection, we already have a connected streamer
13:45:09.299 Dropping new streamer connection, we already have a connected streamer
13:45:09.348 Dropping new streamer connection, we already have a connected streamer
13:45:09.397 Dropping new streamer connection, we already have a connected streamer
13:45:09.447 Dropping new streamer connection, we already have a connected streamer
13:45:09.507 Dropping new streamer connection, we already have a connected streamer
13:45:09.563 Dropping new streamer connection, we already have a connected streamer
13:45:09.611 Dropping new streamer connection, we already have a connected streamer
13:45:09.653 Dropping new streamer connection, we already have a connected streamer
13:45:09.696 Dropping new streamer connection, we already have a connected streamer
13:45:09.747 Dropping new streamer connection, we already have a connected streamer
13:45:09.805 Dropping new streamer connection, we already have a connected streamer
13:45:09.859 Dropping new streamer connection, we already have a connected streamer
13:45:09.899 Dropping new streamer connection, we already have a connected streamer
13:45:09.945 Dropping new streamer connection, we already have a connected streamer
13:45:09.998 Dropping new streamer connection, we already have a connected streamer
13:45:10.052 Dropping new streamer connection, we already have a connected streamer
13:45:10.068 Dropping new streamer connection, we already have a connected streamer
13:45:10.106 Dropping new streamer connection, we already have a connected streamer
13:45:10.161 Dropping new streamer connection, we already have a connected streamer
13:45:10.221 Dropping new streamer connection, we already have a connected streamer
13:45:10.280 Dropping new streamer connection, we already have a connected streamer
13:45:10.334 Dropping new streamer connection, we already have a connected streamer
13:45:10.392 Dropping new streamer connection, we already have a connected streamer
13:45:10.437 Dropping new streamer connection, we already have a connected streamer
13:45:10.481 Dropping new streamer connection, we already have a connected streamer
13:45:10.534 Dropping new streamer connection, we already have a connected streamer
13:45:10.589 Dropping new streamer connection, we already have a connected streamer
13:45:10.646 Dropping new streamer connection, we already have a connected streamer
13:45:10.692 Dropping new streamer connection, we already have a connected streamer
13:45:10.775 Dropping new streamer connection, we already have a connected streamer
13:45:10.838 Dropping new streamer connection, we already have a connected streamer
13:45:10.890 Dropping new streamer connection, we already have a connected streamer
13:45:10.940 Dropping new streamer connection, we already have a connected streamer
13:45:10.994 Dropping new streamer connection, we already have a connected streamer
13:45:11.046 Dropping new streamer connection, we already have a connected streamer
13:45:11.100 Dropping new streamer connection, we already have a connected streamer
13:45:11.158 Dropping new streamer connection, we already have a connected streamer
13:45:11.210 Dropping new streamer connection, we already have a connected streamer
13:45:11.268 Dropping new streamer connection, we already have a connected streamer
13:45:11.308 Dropping new streamer connection, we already have a connected streamer
13:45:11.361 Dropping new streamer connection, we already have a connected streamer
13:45:11.416 Dropping new streamer connection, we already have a connected streamer
13:45:11.478 Dropping new streamer connection, we already have a connected streamer
13:45:11.537 Dropping new streamer connection, we already have a connected streamer
13:45:11.598 Dropping new streamer connection, we already have a connected streamer
13:45:11.650 Dropping new streamer connection, we already have a connected streamer
13:45:11.704 Dropping new streamer connection, we already have a connected streamer
13:45:11.756 Dropping new streamer connection, we already have a connected streamer
13:45:11.810 Dropping new streamer connection, we already have a connected streamer
13:45:11.861 Dropping new streamer connection, we already have a connected streamer
13:45:11.910 Dropping new streamer connection, we already have a connected streamer
13:45:11.964 Dropping new streamer connection, we already have a connected streamer
13:45:12.011 Dropping new streamer connection, we already have a connected streamer
13:45:12.057 Dropping new streamer connection, we already have a connected streamer
13:45:12.106 Dropping new streamer connection, we already have a connected streamer
13:45:12.161 Dropping new streamer connection, we already have a connected streamer
13:45:12.216 Dropping new streamer connection, we already have a connected streamer
13:45:12.258 Dropping new streamer connection, we already have a connected streamer
13:45:12.306 Dropping new streamer connection, we already have a connected streamer
13:45:12.358 Dropping new streamer connection, we already have a connected streamer
13:45:12.412 Dropping new streamer connection, we already have a connected streamer
13:45:14.278 Dropping new streamer connection, we already have a connected streamer
13:45:14.333 Dropping new streamer connection, we already have a connected streamer
13:45:14.335 Dropping new streamer connection, we already have a connected streamer
13:45:14.385 Dropping new streamer connection, we already have a connected streamer
13:45:14.441 Dropping new streamer connection, we already have a connected streamer
13:45:14.492 Dropping new streamer connection, we already have a connected streamer
13:45:14.544 Dropping new streamer connection, we already have a connected streamer
13:45:14.596 Dropping new streamer connection, we already have a connected streamer
13:45:14.650 Dropping new streamer connection, we already have a connected streamer
13:45:14.694 Dropping new streamer connection, we already have a connected streamer
13:45:14.745 Dropping new streamer connection, we already have a connected streamer
13:45:14.792 Dropping new streamer connection, we already have a connected streamer
13:45:14.846 Dropping new streamer connection, we already have a connected streamer
13:45:14.902 Dropping new streamer connection, we already have a connected streamer
13:45:14.959 Dropping new streamer connection, we already have a connected streamer
13:45:15.021 Dropping new streamer connection, we already have a connected streamer
13:45:15.075 Dropping new streamer connection, we already have a connected streamer
13:45:15.076 Dropping new streamer connection, we already have a connected streamer
13:45:15.130 Dropping new streamer connection, we already have a connected streamer
13:45:15.187 Dropping new streamer connection, we already have a connected streamer
13:45:15.235 Dropping new streamer connection, we already have a connected streamer
13:45:15.289 Dropping new streamer connection, we already have a connected streamer
13:45:15.339 Dropping new streamer connection, we already have a connected streamer
13:45:15.391 Dropping new streamer connection, we already have a connected streamer
13:45:15.444 Dropping new streamer connection, we already have a connected streamer
13:45:15.487 Dropping new streamer connection, we already have a connected streamer
13:45:15.533 Dropping new streamer connection, we already have a connected streamer
13:45:15.575 Dropping new streamer connection, we already have a connected streamer
13:45:15.619 Dropping new streamer connection, we already have a connected streamer
13:45:15.668 Dropping new streamer connection, we already have a connected streamer
13:45:15.715 Dropping new streamer connection, we already have a connected streamer
13:45:15.771 Dropping new streamer connection, we already have a connected streamer
13:45:15.818 Dropping new streamer connection, we already have a connected streamer
13:45:15.861 Dropping new streamer connection, we already have a connected streamer
13:45:15.918 Dropping new streamer connection, we already have a connected streamer
13:45:15.962 Dropping new streamer connection, we already have a connected streamer
13:45:16.006 Dropping new streamer connection, we already have a connected streamer
13:45:16.056 Dropping new streamer connection, we already have a connected streamer
13:45:16.107 Dropping new streamer connection, we already have a connected streamer
13:45:16.160 Dropping new streamer connection, we already have a connected streamer
13:45:16.213 Dropping new streamer connection, we already have a connected streamer
13:45:16.267 Dropping new streamer connection, we already have a connected streamer
13:45:16.322 Dropping new streamer connection, we already have a connected streamer
13:45:16.376 Dropping new streamer connection, we already have a connected streamer
13:45:16.436 Dropping new streamer connection, we already have a connected streamer
13:45:16.489 Dropping new streamer connection, we already have a connected streamer
13:45:16.537 Dropping new streamer connection, we already have a connected streamer
13:45:16.586 Dropping new streamer connection, we already have a connected streamer
13:45:16.634 Dropping new streamer connection, we already have a connected streamer
13:45:16.681 Dropping new streamer connection, we already have a connected streamer
13:45:16.732 Dropping new streamer connection, we already have a connected streamer
13:45:16.771 Dropping new streamer connection, we already have a connected streamer
13:45:16.816 Dropping new streamer connection, we already have a connected streamer
13:45:16.868 Dropping new streamer connection, we already have a connected streamer
13:45:16.915 Dropping new streamer connection, we already have a connected streamer
13:45:16.968 Dropping new streamer connection, we already have a connected streamer
13:45:17.014 Dropping new streamer connection, we already have a connected streamer
13:45:17.059 Dropping new streamer connection, we already have a connected streamer
13:45:17.109 Dropping new streamer connection, we already have a connected streamer
13:45:17.161 Dropping new streamer connection, we already have a connected streamer
13:45:17.204 Dropping new streamer connection, we already have a connected streamer
13:45:17.249 Dropping new streamer connection, we already have a connected streamer
13:45:17.292 Dropping new streamer connection, we already have a connected streamer
13:45:17.340 Dropping new streamer connection, we already have a connected streamer
13:45:17.390 Dropping new streamer connection, we already have a connected streamer
13:45:17.450 Dropping new streamer connection, we already have a connected streamer
13:45:17.499 Dropping new streamer connection, we already have a connected streamer
13:45:17.552 Dropping new streamer connection, we already have a connected streamer
13:45:17.605 Dropping new streamer connection, we already have a connected streamer
13:45:17.657 Dropping new streamer connection, we already have a connected streamer
13:45:17.709 Dropping new streamer connection, we already have a connected streamer
13:45:17.752 Dropping new streamer connection, we already have a connected streamer
13:45:17.794 Dropping new streamer connection, we already have a connected streamer
13:45:17.833 Dropping new streamer connection, we already have a connected streamer
13:45:17.874 Dropping new streamer connection, we already have a connected streamer
13:45:17.918 Dropping new streamer connection, we already have a connected streamer
13:45:17.961 Dropping new streamer connection, we already have a connected streamer
13:45:18.009 Dropping new streamer connection, we already have a connected streamer
13:45:18.058 Dropping new streamer connection, we already have a connected streamer
13:45:18.102 Dropping new streamer connection, we already have a connected streamer
13:45:18.148 Dropping new streamer connection, we already have a connected streamer
13:45:18.199 Dropping new streamer connection, we already have a connected streamer
13:45:18.243 Dropping new streamer connection, we already have a connected streamer
13:45:18.283 Dropping new streamer connection, we already have a connected streamer
13:45:18.329 Dropping new streamer connection, we already have a connected streamer
13:45:18.372 Dropping new streamer connection, we already have a connected streamer
13:45:18.411 Dropping new streamer connection, we already have a connected streamer
13:45:18.458 Dropping new streamer connection, we already have a connected streamer
13:45:18.504 Dropping new streamer connection, we already have a connected streamer
13:45:18.553 Dropping new streamer connection, we already have a connected streamer
13:45:18.600 Dropping new streamer connection, we already have a connected streamer
13:45:18.641 Dropping new streamer connection, we already have a connected streamer
13:45:18.687 Dropping new streamer connection, we already have a connected streamer
13:45:18.739 Dropping new streamer connection, we already have a connected streamer
13:45:18.789 Dropping new streamer connection, we already have a connected streamer
13:45:18.839 Dropping new streamer connection, we already have a connected streamer
13:45:18.891 Dropping new streamer connection, we already have a connected streamer
13:45:18.945 Dropping new streamer connection, we already have a connected streamer
13:45:18.993 Dropping new streamer connection, we already have a connected streamer
13:45:19.040 Dropping new streamer connection, we already have a connected streamer
13:45:19.090 Dropping new streamer connection, we already have a connected streamer
13:45:19.133 Dropping new streamer connection, we already have a connected streamer
13:45:19.179 Dropping new streamer connection, we already have a connected streamer
13:45:19.229 Dropping new streamer connection, we already have a connected streamer
13:45:19.278 Dropping new streamer connection, we already have a connected streamer
13:45:19.329 Dropping new streamer connection, we already have a connected streamer
13:45:19.384 Dropping new streamer connection, we already have a connected streamer
13:45:19.429 Dropping new streamer connection, we already have a connected streamer
13:45:19.478 Dropping new streamer connection, we already have a connected streamer
13:45:19.533 Dropping new streamer connection, we already have a connected streamer
13:45:19.579 Dropping new streamer connection, we already have a connected streamer
13:45:19.640 Dropping new streamer connection, we already have a connected streamer
13:45:19.681 Dropping new streamer connection, we already have a connected streamer
13:45:19.736 Dropping new streamer connection, we already have a connected streamer
13:45:19.783 Dropping new streamer connection, we already have a connected streamer
13:45:19.832 Dropping new streamer connection, we already have a connected streamer
13:45:19.879 Dropping new streamer connection, we already have a connected streamer
13:45:19.929 Dropping new streamer connection, we already have a connected streamer
13:45:19.971 Dropping new streamer connection, we already have a connected streamer
13:45:20.025 Dropping new streamer connection, we already have a connected streamer
13:45:20.074 Dropping new streamer connection, we already have a connected streamer
13:45:20.081 Dropping new streamer connection, we already have a connected streamer
13:45:20.123 Dropping new streamer connection, we already have a connected streamer
13:45:20.171 Dropping new streamer connection, we already have a connected streamer
13:45:20.219 Dropping new streamer connection, we already have a connected streamer
13:45:20.269 Dropping new streamer connection, we already have a connected streamer
13:45:20.319 Dropping new streamer connection, we already have a connected streamer
13:45:20.376 Dropping new streamer connection, we already have a connected streamer
13:45:20.423 Dropping new streamer connection, we already have a connected streamer
13:45:20.476 Dropping new streamer connection, we already have a connected streamer
13:45:20.516 Dropping new streamer connection, we already have a connected streamer
13:45:20.562 Dropping new streamer connection, we already have a connected streamer
13:45:20.610 Dropping new streamer connection, we already have a connected streamer
13:45:20.655 Dropping new streamer connection, we already have a connected streamer
13:45:20.701 Dropping new streamer connection, we already have a connected streamer
13:45:20.752 Dropping new streamer connection, we already have a connected streamer
13:45:20.799 Dropping new streamer connection, we already have a connected streamer
13:45:20.841 Dropping new streamer connection, we already have a connected streamer
13:45:20.890 Dropping new streamer connection, we already have a connected streamer
13:45:20.939 Dropping new streamer connection, we already have a connected streamer
13:45:20.985 Dropping new streamer connection, we already have a connected streamer
13:45:21.039 Dropping new streamer connection, we already have a connected streamer
13:45:21.099 Dropping new streamer connection, we already have a connected streamer
13:45:21.145 Dropping new streamer connection, we already have a connected streamer
13:45:21.192 Dropping new streamer connection, we already have a connected streamer
13:45:21.238 Dropping new streamer connection, we already have a connected streamer
13:45:21.284 Dropping new streamer connection, we already have a connected streamer
13:45:21.330 Dropping new streamer connection, we already have a connected streamer
13:45:21.382 Dropping new streamer connection, we already have a connected streamer
13:45:21.443 Dropping new streamer connection, we already have a connected streamer
13:45:21.503 Dropping new streamer connection, we already have a connected streamer
13:45:21.548 Dropping new streamer connection, we already have a connected streamer
13:45:21.599 Dropping new streamer connection, we already have a connected streamer
13:45:21.657 Dropping new streamer connection, we already have a connected streamer
13:45:21.707 Dropping new streamer connection, we already have a connected streamer
13:45:21.751 Dropping new streamer connection, we already have a connected streamer
13:45:21.796 Dropping new streamer connection, we already have a connected streamer
13:45:21.848 Dropping new streamer connection, we already have a connected streamer
13:45:21.886 Dropping new streamer connection, we already have a connected streamer
13:45:21.936 Dropping new streamer connection, we already have a connected streamer
13:45:21.988 Dropping new streamer connection, we already have a connected streamer
13:45:22.035 Dropping new streamer connection, we already have a connected streamer
13:45:22.079 Dropping new streamer connection, we already have a connected streamer
13:45:22.126 Dropping new streamer connection, we already have a connected streamer
13:45:22.174 Dropping new streamer connection, we already have a connected streamer
13:45:22.219 Dropping new streamer connection, we already have a connected streamer
13:45:22.262 Dropping new streamer connection, we already have a connected streamer
13:45:22.316 Dropping new streamer connection, we already have a connected streamer
13:45:22.364 Dropping new streamer connection, we already have a connected streamer
13:45:22.405 Dropping new streamer connection, we already have a connected streamer
13:45:22.448 Dropping new streamer connection, we already have a connected streamer
13:45:22.487 Dropping new streamer connection, we already have a connected streamer
13:45:22.537 Dropping new streamer connection, we already have a connected streamer
13:45:22.581 Dropping new streamer connection, we already have a connected streamer
13:45:22.630 Dropping new streamer connection, we already have a connected streamer
13:45:22.674 Dropping new streamer connection, we already have a connected streamer
13:45:22.723 Dropping new streamer connection, we already have a connected streamer
13:45:22.772 Dropping new streamer connection, we already have a connected streamer
13:45:22.817 Dropping new streamer connection, we already have a connected streamer
13:45:22.860 Dropping new streamer connection, we already have a connected streamer
13:45:22.901 Dropping new streamer connection, we already have a connected streamer
13:45:22.956 Dropping new streamer connection, we already have a connected streamer
13:45:23.013 Dropping new streamer connection, we already have a connected streamer
13:45:23.073 Dropping new streamer connection, we already have a connected streamer
13:45:23.123 Dropping new streamer connection, we already have a connected streamer
13:45:23.172 Dropping new streamer connection, we already have a connected streamer
13:45:23.217 Dropping new streamer connection, we already have a connected streamer
13:45:23.265 Dropping new streamer connection, we already have a connected streamer
13:45:23.322 Dropping new streamer connection, we already have a connected streamer
13:45:23.379 Dropping new streamer connection, we already have a connected streamer
13:45:23.422 Dropping new streamer connection, we already have a connected streamer
13:45:23.473 Dropping new streamer connection, we already have a connected streamer
