15:41:37.859 Config: {
	"UseFrontend": false,
	"UseMatchmaker": false,
	"UseHTTPS": false,
	"UseAuthentication": false,
	"LogToFile": true,
	"LogVerbose": true,
	"HomepageFile": "player.html",
	"AdditionalRoutes": {},
	"EnableWebserver": true,
	"MatchmakerAddress": "",
	"MatchmakerPort": "9999",
	"PublicIp": "45.8.204.53",
	"HttpPort": 80,
	"HttpsPort": 443,
	"StreamerPort": 8888,
	"SFUPort": 8889,
	"MaxPlayerCount": -1,
	"peerConnectionOptions": "{ \"iceServers\": [{\"urls\": [\"stun:stun.l.google.com:19302\",\"turn:45.8.204.53:19303\"], \"username\": \"PixelStreamingUser\", \"credential\": \"AnotherTURNintheroad\"}] }"
}
15:41:37.983 peerConnectionOptions = {"iceServers":[{"urls":["stun:stun.l.google.com:19302","turn:45.8.204.53:19303"],"username":"PixelStreamingUser","credential":"AnotherTURNintheroad"}]}
15:41:37.986 Running Cirrus - The Pixel Streaming reference implementation signalling server for Unreal Engine 5.1.
15:41:38.023 WebSocket listening for Streamer connections on :8888
15:41:38.024 WebSocket listening for SFU connections on :8889
15:41:38.024 WebSocket listening for Players connections on :80
15:41:38.025 Http listening on *: 80
