17:26:50.468 Config: {
	"UseFrontend": false,
	"UseMatchmaker": false,
	"UseHTTPS": false,
	"UseAuthentication": false,
	"LogToFile": true,
	"LogVerbose": true,
	"HomepageFile": "custom_html/index.html",
	"AdditionalRoutes": {},
	"EnableWebserver": true,
	"MatchmakerAddress": "",
	"MatchmakerPort": "9999",
	"PublicIp": "1.13.24.188",
	"HttpPort": 80,
	"HttpsPort": 443,
	"StreamerPort": 3478,
	"SFUPort": 8889,
	"MaxPlayerCount": -1,
	"peerConnectionOptions": "{ \"iceServers\": [{\"urls\": [\"stun:stun.l.google.com:19302\",\"turn:1.13.24.188:19303\"], \"username\": \"PixelStreamingUser\", \"credential\": \"AnotherTURNintheroad\"}] }"
}
17:26:50.508 peerConnectionOptions = {"iceServers":[{"urls":["stun:stun.l.google.com:19302","turn:1.13.24.188:19303"],"username":"PixelStreamingUser","credential":"AnotherTURNintheroad"}]}
17:26:50.514 Running Cirrus - The Pixel Streaming reference implementation signalling server for Unreal Engine 5.1.
17:26:50.530 WebSocket listening for Streamer connections on :3478
17:26:50.531 WebSocket listening for SFU connections on :8889
17:26:50.532 WebSocket listening for Players connections on :80
17:26:50.534 Http listening on *: 80
