14:51:14.460 Config: {
	"UseFrontend": false,
	"UseMatchmaker": false,
	"UseHTTPS": false,
	"UseAuthentication": false,
	"LogToFile": true,
	"LogVerbose": true,
	"HomepageFile": "custom_html/index.html",
	"AdditionalRoutes": {},
	"EnableWebserver": true,
	"MatchmakerAddress": "",
	"MatchmakerPort": "9999",
	"PublicIp": "1.13.24.188",
	"HttpPort": 80,
	"HttpsPort": 443,
	"StreamerPort": 3478,
	"SFUPort": 8889,
	"MaxPlayerCount": -1,
	"peerConnectionOptions": "{ \"iceServers\": [{\"urls\": [\"stun:stun.l.google.com:19302\",\"turn:1.13.24.188:19303\"], \"username\": \"PixelStreamingUser\", \"credential\": \"AnotherTURNintheroad\"}] }"
}
14:51:14.506 peerConnectionOptions = {"iceServers":[{"urls":["stun:stun.l.google.com:19302","turn:1.13.24.188:19303"],"username":"PixelStreamingUser","credential":"AnotherTURNintheroad"}]}
14:51:14.513 Running Cirrus - The Pixel Streaming reference implementation signalling server for Unreal Engine 5.1.
14:51:14.531 WebSocket listening for Streamer connections on :3478
14:51:14.533 WebSocket listening for SFU connections on :8889
14:51:14.534 WebSocket listening for Players connections on :80
14:51:14.536 Http listening on *: 80
14:51:15.794 Streamer connected: ::ffff:115.216.54.191
14:52:15.837 [37m-> Streamer[34m: {"type":"ping","time":1720421535}
14:52:15.842 [37m<- Streamer[32m: {"type":"pong","time":1720421535}
14:53:15.830 [37m-> Streamer[34m: {"type":"ping","time":1720421595}
14:53:15.832 [37m<- Streamer[32m: {"type":"pong","time":1720421595}
14:54:15.852 [37m-> Streamer[34m: {"type":"ping","time":1720421655}
14:54:15.854 [37m<- Streamer[32m: {"type":"pong","time":1720421655}
14:55:15.839 [37m-> Streamer[34m: {"type":"ping","time":1720421715}
14:55:15.841 [37m<- Streamer[32m: {"type":"pong","time":1720421715}
14:56:15.860 [37m-> Streamer[34m: {"type":"ping","time":1720421775}
14:56:15.862 [37m<- Streamer[32m: {"type":"pong","time":1720421775}
14:57:15.839 [37m-> Streamer[34m: {"type":"ping","time":1720421835}
14:57:15.841 [37m<- Streamer[32m: {"type":"pong","time":1720421835}
14:58:15.844 [37m-> Streamer[34m: {"type":"ping","time":1720421895}
14:58:15.846 [37m<- Streamer[32m: {"type":"pong","time":1720421895}
14:59:15.854 [37m-> Streamer[34m: {"type":"ping","time":1720421955}
14:59:15.856 [37m<- Streamer[32m: {"type":"pong","time":1720421955}
15:00:15.833 [37m-> Streamer[34m: {"type":"ping","time":1720422015}
15:00:15.835 [37m<- Streamer[32m: {"type":"pong","time":1720422015}
15:01:15.839 [37m-> Streamer[34m: {"type":"ping","time":1720422075}
15:01:15.841 [37m<- Streamer[32m: {"type":"pong","time":1720422075}
15:02:15.847 [37m-> Streamer[34m: {"type":"ping","time":1720422135}
15:02:15.849 [37m<- Streamer[32m: {"type":"pong","time":1720422135}
15:03:15.841 [37m-> Streamer[34m: {"type":"ping","time":1720422195}
15:03:15.843 [37m<- Streamer[32m: {"type":"pong","time":1720422195}
15:04:15.825 [37m-> Streamer[34m: {"type":"ping","time":1720422255}
15:04:15.827 [37m<- Streamer[32m: {"type":"pong","time":1720422255}
15:05:15.835 [37m-> Streamer[34m: {"type":"ping","time":1720422315}
15:05:15.836 [37m<- Streamer[32m: {"type":"pong","time":1720422315}
15:06:15.882 [37m-> Streamer[34m: {"type":"ping","time":1720422375}
15:06:15.884 [37m<- Streamer[32m: {"type":"pong","time":1720422375}
