09:26:21.768 Config: {
	"UseFrontend": false,
	"UseMatchmaker": false,
	"UseHTTPS": false,
	"UseAuthentication": false,
	"LogToFile": true,
	"LogVerbose": true,
	"HomepageFile": "player.html",
	"AdditionalRoutes": {},
	"EnableWebserver": true,
	"MatchmakerAddress": "",
	"MatchmakerPort": "9999",
	"PublicIp": "45.8.204.53",
	"HttpPort": 80,
	"HttpsPort": 443,
	"StreamerPort": 8888,
	"SFUPort": 8889,
	"MaxPlayerCount": -1,
	"peerConnectionOptions": "{ \"iceServers\": [{\"urls\": [\"stun:stun.l.google.com:19302\",\"turn:45.8.204.53:19303\"], \"username\": \"PixelStreamingUser\", \"credential\": \"AnotherTURNintheroad\"}] }"
}
09:26:21.797 peerConnectionOptions = {"iceServers":[{"urls":["stun:stun.l.google.com:19302","turn:45.8.204.53:19303"],"username":"PixelStreamingUser","credential":"AnotherTURNintheroad"}]}
09:26:21.801 Running Cirrus - The Pixel Streaming reference implementation signalling server for Unreal Engine 5.1.
09:26:21.813 WebSocket listening for Streamer connections on :8888
09:26:21.814 WebSocket listening for SFU connections on :8889
09:26:21.815 WebSocket listening for Players connections on :80
09:26:21.816 Http listening on *: 80
