16:26:37.142 Config: {
	"UseFrontend": false,
	"UseMatchmaker": false,
	"UseHTTPS": false,
	"UseAuthentication": false,
	"LogToFile": true,
	"LogVerbose": true,
	"HomepageFile": "player.html",
	"AdditionalRoutes": {},
	"EnableWebserver": true,
	"MatchmakerAddress": "",
	"MatchmakerPort": "9999",
	"PublicIp": "175.27.164.246",
	"HttpPort": 80,
	"HttpsPort": 443,
	"StreamerPort": 8888,
	"SFUPort": 8889,
	"MaxPlayerCount": -1,
	"peerConnectionOptions": "{ \"iceServers\": [{\"urls\": [\"stun:stun.l.google.com:19302\",\"turn:175.27.164.246:19303\"], \"username\": \"PixelStreamingUser\", \"credential\": \"AnotherTURNintheroad\"}] }"
}
16:26:37.178 peerConnectionOptions = {"iceServers":[{"urls":["stun:stun.l.google.com:19302","turn:175.27.164.246:19303"],"username":"PixelStreamingUser","credential":"AnotherTURNintheroad"}]}
16:26:37.183 Running Cirrus - The Pixel Streaming reference implementation signalling server for Unreal Engine 5.1.
16:26:37.199 WebSocket listening for Streamer connections on :8888
16:26:37.201 WebSocket listening for SFU connections on :8889
16:26:37.201 WebSocket listening for Players connections on :80
16:26:37.203 Http listening on *: 80
