15:08:30.194 Config: {
	"UseFrontend": false,
	"UseMatchmaker": false,
	"UseHTTPS": false,
	"UseAuthentication": false,
	"LogToFile": true,
	"LogVerbose": true,
	"HomepageFile": "custom_html/PixelDemo.htm",
	"AdditionalRoutes": {},
	"EnableWebserver": true,
	"MatchmakerAddress": "",
	"MatchmakerPort": "9999",
	"PublicIp": "45.8.204.53",
	"HttpPort": 80,
	"HttpsPort": 443,
	"StreamerPort": 8888,
	"SFUPort": 8889,
	"MaxPlayerCount": -1,
	"peerConnectionOptions": "{ \"iceServers\": [{\"urls\": [\"stun:stun.l.google.com:19302\",\"turn:45.8.204.53:19303\"], \"username\": \"PixelStreamingUser\", \"credential\": \"AnotherTURNintheroad\"}] }"
}
15:08:30.215 peerConnectionOptions = {"iceServers":[{"urls":["stun:stun.l.google.com:19302","turn:45.8.204.53:19303"],"username":"PixelStreamingUser","credential":"AnotherTURNintheroad"}]}
15:08:30.218 Running Cirrus - The Pixel Streaming reference implementation signalling server for Unreal Engine 5.1.
15:08:30.226 WebSocket listening for Streamer connections on :8888
15:08:30.227 WebSocket listening for SFU connections on :8889
15:08:30.228 WebSocket listening for Players connections on :80
15:08:30.229 Http listening on *: 80
