14:39:47.149 Config: {
	"UseFrontend": false,
	"UseMatchmaker": true,
	"UseHTTPS": false,
	"UseAuthentication": false,
	"LogToFile": true,
	"LogVerbose": true,
	"HomepageFile": "custom_html/index",
	"AdditionalRoutes": {},
	"EnableWebserver": true,
	"MatchmakerAddress": "",
	"MatchmakerPort": "9999",
	"PublicIp": "1.13.24.188",
	"HttpPort": 80,
	"HttpsPort": 443,
	"StreamerPort": 881,
	"SFUPort": 8889,
	"MaxPlayerCount": -1,
	"peerConnectionOptions": "{ \"iceServers\": [{\"urls\": [\"stun:stun.l.google.com:19302\",\"turn:1.13.24.188:19303\"], \"username\": \"PixelStreamingUser\", \"credential\": \"AnotherTURNintheroad\"}] }"
}
14:39:47.195 peerConnectionOptions = {"iceServers":[{"urls":["stun:stun.l.google.com:19302","turn:1.13.24.188:19303"],"username":"PixelStreamingUser","credential":"AnotherTURNintheroad"}]}
14:39:47.202 Running Cirrus - The Pixel Streaming reference implementation signalling server for Unreal Engine 5.1.
14:39:47.218 WebSocket listening for Streamer connections on :881
14:39:47.221 WebSocket listening for SFU connections on :8889
14:39:47.222 WebSocket listening for Players connections on :80
14:39:47.236 Http listening on *: 80
14:39:47.239 Matchmaker connection error {"errno":-4078,"code":"ECONNREFUSED","syscall":"connect","address":"127.0.0.1","port":9999}
14:39:47.241 Setting Keep Alive to true
14:39:47.242 Matchmaker connection closed (hadError=true)
14:39:47.242 Try reconnect to Matchmaker in 5 seconds
14:39:52.252 Matchmaker connection error {"errno":-4078,"code":"ECONNREFUSED","syscall":"connect","address":"127.0.0.1","port":9999}
14:39:52.257 Setting Keep Alive to true
14:39:52.258 Matchmaker connection closed (hadError=true)
14:39:52.258 Try reconnect to Matchmaker in 5 seconds
14:39:57.262 Matchmaker connection error {"errno":-4078,"code":"ECONNREFUSED","syscall":"connect","address":"127.0.0.1","port":9999}
14:39:57.267 Setting Keep Alive to true
14:39:57.267 Matchmaker connection closed (hadError=true)
14:39:57.268 Try reconnect to Matchmaker in 5 seconds
14:40:02.280 Matchmaker connection error {"errno":-4078,"code":"ECONNREFUSED","syscall":"connect","address":"127.0.0.1","port":9999}
14:40:02.281 Setting Keep Alive to true
14:40:02.282 Matchmaker connection closed (hadError=true)
14:40:02.282 Try reconnect to Matchmaker in 5 seconds
14:40:07.297 Matchmaker connection error {"errno":-4078,"code":"ECONNREFUSED","syscall":"connect","address":"127.0.0.1","port":9999}
14:40:07.299 Setting Keep Alive to true
14:40:07.299 Matchmaker connection closed (hadError=true)
14:40:07.299 Try reconnect to Matchmaker in 5 seconds
